<?xml version="1.0" encoding="UTF-8"?>
<!-- Generated by org.testng.reporters.JUnitXMLReporter -->
<testsuite ignored="0" hostname="DESKTOP-C5UC5JG" failures="1" tests="1" name="Test" time="13.112" errors="0" timestamp="2024-11-16T11:51:22 IST">
  <testcase classname="TestCases.TC005CreateLead_TDD" name="verifyCreateLead" time="3.083">
    <failure type="java.lang.AssertionError" message="My home page title is not matching expected [My Home | opentaps CRM] but found []">
      <![CDATA[java.lang.AssertionError: My home page title is not matching expected [My Home | opentaps CRM] but found []
at Pages.MyHomePage.verifyHomePage(MyHomePage.java:13)
at TestCases.TC005CreateLead_TDD.verifyCreateLead(TC005CreateLead_TDD.java:20)
at java.base/java.util.ArrayList.forEach(ArrayList.java:1511)
... Removed 32 stack frames]]>
    </failure>
  </testcase> <!-- verifyCreateLead -->
</testsuite> <!-- Test -->
